<?xml version="1.0" encoding="UTF-8"?>
<testsuite name="fr.ensicaen.ecole.genielogiciel.model.SquareIntensiveStudyTest" tests="1" skipped="0" failures="0" errors="0" timestamp="2023-10-13T15:35:19" hostname="LINUXe201pc02" time="0.003">
  <properties/>
  <testcase name="execute()" classname="fr.ensicaen.ecole.genielogiciel.model.SquareIntensiveStudyTest" time="0.003"/>
  <system-out><![CDATA[new Brilliant
Square N5: Révisions intensives
]]></system-out>
  <system-err><![CDATA[]]></system-err>
</testsuite>
